mode: set

Test Case Coverage Report

TEST CASE CLASSES COVERAGE:
- authentication/api/handlers/auth_handler.go: 94.6%
- authentication/services/auth_service.go: 93.1%
- cassandra/infrastructure/cassandra_repository.go: 32.5%
- link_generation/apis/handlers/generate_link.go: 92.9%
- link_generation/repositories/genrated_link_repo.go: 81.5%
- link_generation/services/generate_link_service.go: 40.2%
- link_generation/utils/shortcode.go: 93.8%

AVERAGE TEST COVERAGE FOR TEST CASE CLASSES: 75.5%

Note: This report includes only files with test cases implemented. Files without test cases are excluded from the average calculation.
